This is XeTeX, Version 3.141592653-2.6-0.999998 (TeX Live 2026) (preloaded format=xelatex 2026.4.7)  6 JUN 2026 23:58
entering extended mode
 restricted \write18 enabled.
 %&-line parsing enabled.
**hw2_report.tex
(./hw2_report.tex
LaTeX2e <2025-11-01>
L3 programming layer <2026-01-19>
(/usr/local/texlive/2026basic/texmf-dist/tex/latex/ctex/ctexart.cls
(/usr/local/texlive/2026basic/texmf-dist/tex/latex/ctex/config/ctexbackend.cfg
File: ctexbackend.cfg 2022/07/14 v2.5.10 Backend configuration file (CTEX)
) (/usr/local/texlive/2026basic/texmf-dist/tex/latex/l3kernel/expl3.sty
Package: expl3 2026-01-19 L3 programming layer (loader) 

(/usr/local/texlive/2026basic/texmf-dist/tex/latex/l3backend/l3backend-xetex.de
f
File: l3backend-xetex.def 2025-10-09 L3 backend support: XeTeX
\g__graphics_track_int=\count271
\g__pdfannot_backend_int=\count272
\g__pdfannot_backend_link_int=\count273
))
Document Class: ctexart 2022/07/14 v2.5.10 Chinese adapter for class article (C
TEX)
(/usr/local/texlive/2026basic/texmf-dist/tex/latex/ctex/ctexhook.sty
Package: ctexhook 2022/07/14 v2.5.10 Document and package hooks (CTEX)
)
(/usr/local/texlive/2026basic/texmf-dist/tex/latex/ctex/ctexpatch.sty
Package: ctexpatch 2022/07/14 v2.5.10 Patching commands (CTEX)
)
(/usr/local/texlive/2026basic/texmf-dist/tex/latex/base/fix-cm.sty
Package: fix-cm 2020/11/24 v1.1t fixes to LaTeX

(/usr/local/texlive/2026basic/texmf-dist/tex/latex/base/ts1enc.def
File: ts1enc.def 2001/06/05 v3.0e (jk/car/fm) Standard LaTeX file
LaTeX Font Info:    Redeclaring font encoding TS1 on input line 47.
LaTeX Encoding Info:    Redeclaring text command \capitalcedilla (encoding TS1)
 on input line 49.
LaTeX Encoding Info:    Redeclaring text command \capitalogonek (encoding TS1) 
on input line 52.
LaTeX Encoding Info:    Redeclaring text command \capitalgrave (encoding TS1) o
n input line 55.
LaTeX Encoding Info:    Redeclaring text command \capitalacute (encoding TS1) o
n input line 56.
LaTeX Encoding Info:    Redeclaring text command \capitalcircumflex (encoding T
S1) on input line 57.
LaTeX Encoding Info:    Redeclaring text command \capitaltilde (encoding TS1) o
n input line 58.
LaTeX Encoding Info:    Redeclaring text command \capitaldieresis (encoding TS1
) on input line 59.
LaTeX Encoding Info:    Redeclaring text command \capitalhungarumlaut (encoding
 TS1) on input line 60.
LaTeX Encoding Info:    Redeclaring text command \capitalring (encoding TS1) on
 input line 61.
LaTeX Encoding Info:    Redeclaring text command \capitalcaron (encoding TS1) o
n input line 62.
LaTeX Encoding Info:    Redeclaring text command \capitalbreve (encoding TS1) o
n input line 63.
LaTeX Encoding Info:    Redeclaring text command \capitalmacron (encoding TS1) 
on input line 64.
LaTeX Encoding Info:    Redeclaring text command \capitaldotaccent (encoding TS
1) on input line 65.
LaTeX Encoding Info:    Redeclaring text command \t (encoding TS1) on input lin
e 66.
LaTeX Encoding Info:    Redeclaring text command \capitaltie (encoding TS1) on 
input line 67.
LaTeX Encoding Info:    Redeclaring text command \newtie (encoding TS1) on inpu
t line 68.
LaTeX Encoding Info:    Redeclaring text command \capitalnewtie (encoding TS1) 
on input line 69.
LaTeX Encoding Info:    Redeclaring text symbol \textcapitalcompwordmark (encod
ing TS1) on input line 70.
LaTeX Encoding Info:    Redeclaring text symbol \textascendercompwordmark (enco
ding TS1) on input line 71.
LaTeX Encoding Info:    Redeclaring text symbol \textquotestraightbase (encodin
g TS1) on input line 72.
LaTeX Encoding Info:    Redeclaring text symbol \textquotestraightdblbase (enco
ding TS1) on input line 73.
LaTeX Encoding Info:    Redeclaring text symbol \texttwelveudash (encoding TS1)
 on input line 74.
LaTeX Encoding Info:    Redeclaring text symbol \textthreequartersemdash (encod
ing TS1) on input line 75.
LaTeX Encoding Info:    Redeclaring text symbol \textleftarrow (encoding TS1) o
n input line 76.
LaTeX Encoding Info:    Redeclaring text symbol \textrightarrow (encoding TS1) 
on input line 77.
LaTeX Encoding Info:    Redeclaring text symbol \textblank (encoding TS1) on in
put line 78.
LaTeX Encoding Info:    Redeclaring text symbol \textdollar (encoding TS1) on i
nput line 79.
LaTeX Encoding Info:    Redeclaring text symbol \textquotesingle (encoding TS1)
 on input line 80.
LaTeX Encoding Info:    Redeclaring text command \textasteriskcentered (encodin
g TS1) on input line 81.
LaTeX Encoding Info:    Redeclaring text symbol \textdblhyphen (encoding TS1) o
n input line 92.
LaTeX Encoding Info:    Redeclaring text symbol \textfractionsolidus (encoding 
TS1) on input line 93.
LaTeX Encoding Info:    Redeclaring text symbol \textzerooldstyle (encoding TS1
) on input line 94.
LaTeX Encoding Info:    Redeclaring text symbol \textoneoldstyle (encoding TS1)
 on input line 95.
LaTeX Encoding Info:    Redeclaring text symbol \texttwooldstyle (encoding TS1)
 on input line 96.
LaTeX Encoding Info:    Redeclaring text symbol \textthreeoldstyle (encoding TS
1) on input line 97.
LaTeX Encoding Info:    Redeclaring text symbol \textfouroldstyle (encoding TS1
) on input line 98.
LaTeX Encoding Info:    Redeclaring text symbol \textfiveoldstyle (encoding TS1
) on input line 99.
LaTeX Encoding Info:    Redeclaring text symbol \textsixoldstyle (encoding TS1)
 on input line 100.
LaTeX Encoding Info:    Redeclaring text symbol \textsevenoldstyle (encoding TS
1) on input line 101.
LaTeX Encoding Info:    Redeclaring text symbol \texteightoldstyle (encoding TS
1) on input line 102.
LaTeX Encoding Info:    Redeclaring text symbol \textnineoldstyle (encoding TS1
) on input line 103.
LaTeX Encoding Info:    Redeclaring text symbol \textlangle (encoding TS1) on i
nput line 104.
LaTeX Encoding Info:    Redeclaring text symbol \textminus (encoding TS1) on in
put line 105.
LaTeX Encoding Info:    Redeclaring text symbol \textrangle (encoding TS1) on i
nput line 106.
LaTeX Encoding Info:    Redeclaring text symbol \textmho (encoding TS1) on inpu
t line 107.
LaTeX Encoding Info:    Redeclaring text symbol \textbigcircle (encoding TS1) o
n input line 108.
LaTeX Encoding Info:    Redeclaring text command \textcircled (encoding TS1) on
 input line 109.
LaTeX Encoding Info:    Redeclaring text symbol \textohm (encoding TS1) on inpu
t line 115.
LaTeX Encoding Info:    Redeclaring text symbol \textlbrackdbl (encoding TS1) o
n input line 116.
LaTeX Encoding Info:    Redeclaring text symbol \textrbrackdbl (encoding TS1) o
n input line 117.
LaTeX Encoding Info:    Redeclaring text symbol \textuparrow (encoding TS1) on 
input line 118.
LaTeX Encoding Info:    Redeclaring text symbol \textdownarrow (encoding TS1) o
n input line 119.
LaTeX Encoding Info:    Redeclaring text symbol \textasciigrave (encoding TS1) 
on input line 120.
LaTeX Encoding Info:    Redeclaring text symbol \textborn (encoding TS1) on inp
ut line 121.
LaTeX Encoding Info:    Redeclaring text symbol \textdivorced (encoding TS1) on
 input line 122.
LaTeX Encoding Info:    Redeclaring text symbol \textdied (encoding TS1) on inp
ut line 123.
LaTeX Encoding Info:    Redeclaring text symbol \textleaf (encoding TS1) on inp
ut line 124.
LaTeX Encoding Info:    Redeclaring text symbol \textmarried (encoding TS1) on 
input line 125.
LaTeX Encoding Info:    Redeclaring text symbol \textmusicalnote (encoding TS1)
 on input line 126.
LaTeX Encoding Info:    Redeclaring text symbol \texttildelow (encoding TS1) on
 input line 127.
LaTeX Encoding Info:    Redeclaring text symbol \textdblhyphenchar (encoding TS
1) on input line 128.
LaTeX Encoding Info:    Redeclaring text symbol \textasciibreve (encoding TS1) 
on input line 129.
LaTeX Encoding Info:    Redeclaring text symbol \textasciicaron (encoding TS1) 
on input line 130.
LaTeX Encoding Info:    Redeclaring text symbol \textacutedbl (encoding TS1) on
 input line 131.
LaTeX Encoding Info:    Redeclaring text symbol \textgravedbl (encoding TS1) on
 input line 132.
LaTeX Encoding Info:    Redeclaring text symbol \textdagger (encoding TS1) on i
nput line 133.
LaTeX Encoding Info:    Redeclaring text symbol \textdaggerdbl (encoding TS1) o
n input line 134.
LaTeX Encoding Info:    Redeclaring text symbol \textbardbl (encoding TS1) on i
nput line 135.
LaTeX Encoding Info:    Redeclaring text symbol \textperthousand (encoding TS1)
 on input line 136.
LaTeX Encoding Info:    Redeclaring text symbol \textbullet (encoding TS1) on i
nput line 137.
LaTeX Encoding Info:    Redeclaring text symbol \textcelsius (encoding TS1) on 
input line 138.
LaTeX Encoding Info:    Redeclaring text symbol \textdollaroldstyle (encoding T
S1) on input line 139.
LaTeX Encoding Info:    Redeclaring text symbol \textcentoldstyle (encoding TS1
) on input line 140.
LaTeX Encoding Info:    Redeclaring text symbol \textflorin (encoding TS1) on i
nput line 141.
LaTeX Encoding Info:    Redeclaring text symbol \textcolonmonetary (encoding TS
1) on input line 142.
LaTeX Encoding Info:    Redeclaring text symbol \textwon (encoding TS1) on inpu
t line 143.
LaTeX Encoding Info:    Redeclaring text symbol \textnaira (encoding TS1) on in
put line 144.
LaTeX Encoding Info:    Redeclaring text symbol \textguarani (encoding TS1) on 
input line 145.
LaTeX Encoding Info:    Redeclaring text symbol \textpeso (encoding TS1) on inp
ut line 146.
LaTeX Encoding Info:    Redeclaring text symbol \textlira (encoding TS1) on inp
ut line 147.
LaTeX Encoding Info:    Redeclaring text symbol \textrecipe (encoding TS1) on i
nput line 148.
LaTeX Encoding Info:    Redeclaring text symbol \textinterrobang (encoding TS1)
 on input line 149.
LaTeX Encoding Info:    Redeclaring text symbol \textinterrobangdown (encoding 
TS1) on input line 150.
LaTeX Encoding Info:    Redeclaring text symbol \textdong (encoding TS1) on inp
ut line 151.
LaTeX Encoding Info:    Redeclaring text symbol \texttrademark (encoding TS1) o
n input line 152.
LaTeX Encoding Info:    Redeclaring text symbol \textpertenthousand (encoding T
S1) on input line 153.
LaTeX Encoding Info:    Redeclaring text symbol \textpilcrow (encoding TS1) on 
input line 154.
LaTeX Encoding Info:    Redeclaring text symbol \textbaht (encoding TS1) on inp
ut line 155.
LaTeX Encoding Info:    Redeclaring text symbol \textnumero (encoding TS1) on i
nput line 156.
LaTeX Encoding Info:    Redeclaring text symbol \textdiscount (encoding TS1) on
 input line 157.
LaTeX Encoding Info:    Redeclaring text symbol \textestimated (encoding TS1) o
n input line 158.
LaTeX Encoding Info:    Redeclaring text symbol \textopenbullet (encoding TS1) 
on input line 159.
LaTeX Encoding Info:    Redeclaring text symbol \textservicemark (encoding TS1)
 on input line 160.
LaTeX Encoding Info:    Redeclaring text symbol \textlquill (encoding TS1) on i
nput line 161.
LaTeX Encoding Info:    Redeclaring text symbol \textrquill (encoding TS1) on i
nput line 162.
LaTeX Encoding Info:    Redeclaring text symbol \textcent (encoding TS1) on inp
ut line 163.
LaTeX Encoding Info:    Redeclaring text symbol \textsterling (encoding TS1) on
 input line 164.
LaTeX Encoding Info:    Redeclaring text symbol \textcurrency (encoding TS1) on
 input line 165.
LaTeX Encoding Info:    Redeclaring text symbol \textyen (encoding TS1) on inpu
t line 166.
LaTeX Encoding Info:    Redeclaring text symbol \textbrokenbar (encoding TS1) o
n input line 167.
LaTeX Encoding Info:    Redeclaring text symbol \textsection (encoding TS1) on 
input line 168.
LaTeX Encoding Info:    Redeclaring text symbol \textasciidieresis (encoding TS
1) on input line 169.
LaTeX Encoding Info:    Redeclaring text symbol \textcopyright (encoding TS1) o
n input line 170.
LaTeX Encoding Info:    Redeclaring text symbol \textordfeminine (encoding TS1)
 on input line 171.
LaTeX Encoding Info:    Redeclaring text symbol \textcopyleft (encoding TS1) on
 input line 172.
LaTeX Encoding Info:    Redeclaring text symbol \textlnot (encoding TS1) on inp
ut line 173.
LaTeX Encoding Info:    Redeclaring text symbol \textcircledP (encoding TS1) on
 input line 174.
LaTeX Encoding Info:    Redeclaring text symbol \textregistered (encoding TS1) 
on input line 175.
LaTeX Encoding Info:    Redeclaring text symbol \textasciimacron (encoding TS1)
 on input line 176.
LaTeX Encoding Info:    Redeclaring text symbol \textdegree (encoding TS1) on i
nput line 177.
LaTeX Encoding Info:    Redeclaring text symbol \textpm (encoding TS1) on input
 line 178.
LaTeX Encoding Info:    Redeclaring text symbol \texttwosuperior (encoding TS1)
 on input line 179.
LaTeX Encoding Info:    Redeclaring text symbol \textthreesuperior (encoding TS
1) on input line 180.
LaTeX Encoding Info:    Redeclaring text symbol \textasciiacute (encoding TS1) 
on input line 181.
LaTeX Encoding Info:    Redeclaring text symbol \textmu (encoding TS1) on input
 line 182.
LaTeX Encoding Info:    Redeclaring text symbol \textparagraph (encoding TS1) o
n input line 183.
LaTeX Encoding Info:    Redeclaring text symbol \textperiodcentered (encoding T
S1) on input line 184.
LaTeX Encoding Info:    Redeclaring text symbol \textreferencemark (encoding TS
1) on input line 185.
LaTeX Encoding Info:    Redeclaring text symbol \textonesuperior (encoding TS1)
 on input line 186.
LaTeX Encoding Info:    Redeclaring text symbol \textordmasculine (encoding TS1
) on input line 187.
LaTeX Encoding Info:    Redeclaring text symbol \textsurd (encoding TS1) on inp
ut line 188.
LaTeX Encoding Info:    Redeclaring text symbol \textonequarter (encoding TS1) 
on input line 189.
LaTeX Encoding Info:    Redeclaring text symbol \textonehalf (encoding TS1) on 
input line 190.
LaTeX Encoding Info:    Redeclaring text symbol \textthreequarters (encoding TS
1) on input line 191.
LaTeX Encoding Info:    Redeclaring text symbol \texteuro (encoding TS1) on inp
ut line 192.
LaTeX Encoding Info:    Redeclaring text symbol \texttimes (encoding TS1) on in
put line 193.
LaTeX Encoding Info:    Redeclaring text symbol \textdiv (encoding TS1) on inpu
t line 194.
))
\l__ctex_tmp_int=\count274
\l__ctex_tmp_box=\box53
\l__ctex_tmp_dim=\dimen148
\g__ctex_section_depth_int=\count275
\g__ctex_font_size_int=\count276

(/usr/local/texlive/2026basic/texmf-dist/tex/latex/ctex/config/ctexopts.cfg
File: ctexopts.cfg 2022/07/14 v2.5.10 Option configuration file (CTEX)
)
(/usr/local/texlive/2026basic/texmf-dist/tex/latex/base/article.cls
Document Class: article 2025/01/22 v1.4n Standard LaTeX document class
(/usr/local/texlive/2026basic/texmf-dist/tex/latex/base/size11.clo
File: size11.clo 2025/01/22 v1.4n Standard LaTeX file (size option)
)
\c@part=\count277
\c@section=\count278
\c@subsection=\count279
\c@subsubsection=\count280
\c@paragraph=\count281
\c@subparagraph=\count282
\c@figure=\count283
\c@table=\count284
\abovecaptionskip=\skip49
\belowcaptionskip=\skip50
\bibindent=\dimen149
)
(/usr/local/texlive/2026basic/texmf-dist/tex/latex/ctex/engine/ctex-engine-xete
x.def
File: ctex-engine-xetex.def 2022/07/14 v2.5.10 XeLaTeX adapter (CTEX)
 (/usr/local/texlive/2026basic/texmf-dist/tex/xelatex/xecjk/xeCJK.sty
Package: xeCJK 2022/08/05 v3.9.1 Typesetting CJK scripts with XeLaTeX

(/usr/local/texlive/2026basic/texmf-dist/tex/latex/l3packages/xtemplate/xtempla
te.sty
Package: xtemplate 2025-10-09 L3 Experimental prototype document functions
)
\l__xeCJK_tmp_int=\count285
\l__xeCJK_tmp_box=\box54
\l__xeCJK_tmp_dim=\dimen150
\l__xeCJK_tmp_skip=\skip51
\g__xeCJK_space_factor_int=\count286
\l__xeCJK_begin_int=\count287
\l__xeCJK_end_int=\count288
\c__xeCJK_CJK_class_int=\XeTeXcharclass1
\c__xeCJK_FullLeft_class_int=\XeTeXcharclass2
\c__xeCJK_FullRight_class_int=\XeTeXcharclass3
\c__xeCJK_HalfLeft_class_int=\XeTeXcharclass4
\c__xeCJK_HalfRight_class_int=\XeTeXcharclass5
\c__xeCJK_NormalSpace_class_int=\XeTeXcharclass6
\c__xeCJK_CM_class_int=\XeTeXcharclass7
\c__xeCJK_HangulJamo_class_int=\XeTeXcharclass8
\l__xeCJK_last_skip=\skip52
\c__xeCJK_none_node=\count289
\g__xeCJK_node_int=\count290
\c__xeCJK_CJK_node_dim=\dimen151
\c__xeCJK_CJK-space_node_dim=\dimen152
\c__xeCJK_default_node_dim=\dimen153
\c__xeCJK_CJK-widow_node_dim=\dimen154
\c__xeCJK_normalspace_node_dim=\dimen155
\c__xeCJK_default-space_node_skip=\skip53
\l__xeCJK_ccglue_skip=\skip54
\l__xeCJK_ecglue_skip=\skip55
\l__xeCJK_punct_kern_skip=\skip56
\l__xeCJK_indent_box=\box55
\l__xeCJK_last_penalty_int=\count291
\l__xeCJK_last_bound_dim=\dimen156
\l__xeCJK_last_kern_dim=\dimen157
\l__xeCJK_widow_penalty_int=\count292

LaTeX template Info: Declaring template type 'xeCJK/punctuation' taking 0
(template)           argument(s) on line 2396.

\l__xeCJK_fixed_punct_width_dim=\dimen158
\l__xeCJK_mixed_punct_width_dim=\dimen159
\l__xeCJK_middle_punct_width_dim=\dimen160
\l__xeCJK_fixed_margin_width_dim=\dimen161
\l__xeCJK_mixed_margin_width_dim=\dimen162
\l__xeCJK_middle_margin_width_dim=\dimen163
\l__xeCJK_bound_punct_width_dim=\dimen164
\l__xeCJK_bound_margin_width_dim=\dimen165
\l__xeCJK_margin_minimum_dim=\dimen166
\l__xeCJK_kerning_total_width_dim=\dimen167
\l__xeCJK_same_align_margin_dim=\dimen168
\l__xeCJK_different_align_margin_dim=\dimen169
\l__xeCJK_kerning_margin_width_dim=\dimen170
\l__xeCJK_kerning_margin_minimum_dim=\dimen171
\l__xeCJK_bound_dim=\dimen172
\l__xeCJK_reverse_bound_dim=\dimen173
\l__xeCJK_margin_dim=\dimen174
\l__xeCJK_minimum_bound_dim=\dimen175
\l__xeCJK_kerning_margin_dim=\dimen176
\g__xeCJK_family_int=\count293
\l__xeCJK_fam_int=\count294
\g__xeCJK_fam_allocation_int=\count295
\l__xeCJK_verb_case_int=\count296
\l__xeCJK_verb_exspace_skip=\skip57

(/usr/local/texlive/2026basic/texmf-dist/tex/latex/fontspec/fontspec.sty
(/usr/local/texlive/2026basic/texmf-dist/tex/latex/l3packages/xparse/xparse.sty
Package: xparse 2025-10-09 L3 Experimental document command parser
)
Package: fontspec 2025/09/29 v2.9g Font selection for XeLaTeX and LuaLaTeX

(/usr/local/texlive/2026basic/texmf-dist/tex/latex/fontspec/fontspec-xetex.sty
Package: fontspec-xetex 2025/09/29 v2.9g Font selection for XeLaTeX and LuaLaTe
X
\l__fontspec_script_int=\count297
\l__fontspec_language_int=\count298
\l__fontspec_strnum_int=\count299
\l__fontspec_tmp_int=\count300
\l__fontspec_tmpa_int=\count301
\l__fontspec_tmpb_int=\count302
\l__fontspec_tmpc_int=\count303
\l__fontspec_em_int=\count304
\l__fontspec_emdef_int=\count305
\l__fontspec_strong_int=\count306
\l__fontspec_strongdef_int=\count307
\l__fontspec_tmpa_dim=\dimen177
\l__fontspec_tmpb_dim=\dimen178
\l__fontspec_tmpc_dim=\dimen179

(/usr/local/texlive/2026basic/texmf-dist/tex/latex/base/fontenc.sty
Package: fontenc 2025/07/18 v2.1d Standard LaTeX package
)
(/usr/local/texlive/2026basic/texmf-dist/tex/latex/fontspec/fontspec.cfg)))
(/usr/local/texlive/2026basic/texmf-dist/tex/xelatex/xecjk/xeCJK.cfg
File: xeCJK.cfg 2022/08/05 v3.9.1 Configuration file for xeCJK package
))
\ccwd=\dimen180
\l__ctex_ccglue_skip=\skip58
)
\l__ctex_ziju_dim=\dimen181

(/usr/local/texlive/2026basic/texmf-dist/tex/latex/zhnumber/zhnumber.sty
Package: zhnumber 2022/07/14 v3.0 Typesetting numbers with Chinese glyphs
\l__zhnum_scale_int=\count308
\l__zhnum_tmp_int=\count309

(/usr/local/texlive/2026basic/texmf-dist/tex/latex/zhnumber/zhnumber-utf8.cfg
File: zhnumber-utf8.cfg 2022/07/14 v3.0 Chinese numerals with UTF8 encoding
))
\l__ctex_heading_skip=\skip59

(/usr/local/texlive/2026basic/texmf-dist/tex/latex/ctex/scheme/ctex-scheme-chin
ese-article.def
File: ctex-scheme-chinese-article.def 2022/07/14 v2.5.10 Chinese scheme for art
icle (CTEX)

(/usr/local/texlive/2026basic/texmf-dist/tex/latex/ctex/config/ctex-name-utf8.c
fg
File: ctex-name-utf8.cfg 2022/07/14 v2.5.10 Caption with encoding UTF-8 (CTEX)
))
(/usr/local/texlive/2026basic/texmf-dist/tex/latex/ctex/fontset/ctex-fontset-ma
c.def
File: ctex-fontset-mac.def 2022/07/14 v2.5.10 macOS fonts definition (CTEX)

(/usr/local/texlive/2026basic/texmf-dist/tex/latex/ctex/fontset/ctex-fontset-ma
cold.def
File: ctex-fontset-macold.def 2022/07/14 v2.5.10 macOS fonts definition for Yos
emite or earlier version (CTEX)

Package fontspec Info: 
(fontspec)             Script 'CJK' not explicitly supported within font
(fontspec)             'STSong'. Check the typeset output, and if it is okay
(fontspec)             then ignore this warning. Otherwise a different font
(fontspec)             should be chosen.


Package fontspec Info: 
(fontspec)             Could not resolve font "STKaiti/B" (it probably doesn't
(fontspec)             exist).


Package fontspec Info: 
(fontspec)             Could not resolve font "STHeiti/I" (it probably doesn't
(fontspec)             exist).


Package fontspec Info: 
(fontspec)             Could not resolve font "STSong/BI" (it probably doesn't
(fontspec)             exist).


Package fontspec Info: 
(fontspec)             Font family 'STSong(0)' created for font 'STSong' with
(fontspec)             options
(fontspec)             [Script={CJK},BoldFont={STHeiti},ItalicFont={STKaiti}].
(fontspec)              
(fontspec)              This font family consists of the following NFSS
(fontspec)             series/shapes:
(fontspec)              
(fontspec)             - 'normal' (m/n) with NFSS spec.:
(fontspec)             <->"STSong/OT:script=hani;language=dflt;"
(fontspec)             - 'bold' (b/n) with NFSS spec.:
(fontspec)             <->"STHeiti/OT:script=hani;language=dflt;"
(fontspec)             - 'italic' (m/it) with NFSS spec.:
(fontspec)             <->"STKaiti/OT:script=hani;language=dflt;"

)))
(/usr/local/texlive/2026basic/texmf-dist/tex/latex/ctex/config/ctex.cfg
File: ctex.cfg 2022/07/14 v2.5.10 Configuration file (CTEX)
)
(/usr/local/texlive/2026basic/texmf-dist/tex/latex/geometry/geometry.sty
Package: geometry 2020/01/02 v5.9 Page Geometry

(/usr/local/texlive/2026basic/texmf-dist/tex/latex/graphics/keyval.sty
Package: keyval 2022/05/29 v1.15 key=value parser (DPC)
\KV@toks@=\toks17
)
(/usr/local/texlive/2026basic/texmf-dist/tex/generic/iftex/ifvtex.sty
Package: ifvtex 2019/10/25 v1.7 ifvtex legacy package. Use iftex instead.

(/usr/local/texlive/2026basic/texmf-dist/tex/generic/iftex/iftex.sty
Package: iftex 2024/12/12 v1.0g TeX engine tests
))
\Gm@cnth=\count310
\Gm@cntv=\count311
\c@Gm@tempcnt=\count312
\Gm@bindingoffset=\dimen182
\Gm@wd@mp=\dimen183
\Gm@odd@mp=\dimen184
\Gm@even@mp=\dimen185
\Gm@layoutwidth=\dimen186
\Gm@layoutheight=\dimen187
\Gm@layouthoffset=\dimen188
\Gm@layoutvoffset=\dimen189
\Gm@dimlist=\toks18
)

Package xeCJK Warning: Redefining CJKfamily `\CJKrmdefault' (STSong(0)).


Package fontspec Info: 
(fontspec)             Script 'CJK' not explicitly supported within font
(fontspec)             'Songti SC'. Check the typeset output, and if it is
(fontspec)             okay then ignore this warning. Otherwise a different
(fontspec)             font should be chosen.


Package fontspec Info: 
(fontspec)             Could not resolve font "Songti SC Bold/I" (it probably
(fontspec)             doesn't exist).


Package fontspec Info: 
(fontspec)             Could not resolve font "Songti SC/I" (it probably
(fontspec)             doesn't exist).


Package fontspec Info: 
(fontspec)             Font family 'SongtiSC(0)' created for font 'Songti SC'
(fontspec)             with options [Script={CJK},BoldFont={Songti SC Bold}].
(fontspec)              
(fontspec)              This font family consists of the following NFSS
(fontspec)             series/shapes:
(fontspec)              
(fontspec)             - 'normal' (m/n) with NFSS spec.: <->"Songti
(fontspec)             SC/OT:script=hani;language=dflt;"
(fontspec)             - 'bold' (b/n) with NFSS spec.: <->"Songti SC
(fontspec)             Bold/OT:script=hani;language=dflt;"
(fontspec)             - 'bold italic' (b/it) with NFSS spec.: <->"Songti
(fontspec)             SC/BI/OT:script=hani;language=dflt;"


Package xeCJK Warning: Redefining CJKfamily `\CJKsfdefault' (STXihei).


Package xeCJK Warning: Redefining CJKfamily `\CJKttdefault' (STFangsong).


Package fontspec Info: 
(fontspec)             Font family 'TimesNewRoman(0)' created for font 'Times
(fontspec)             New Roman' with options [Ligatures=TeX].
(fontspec)              
(fontspec)              This font family consists of the following NFSS
(fontspec)             series/shapes:
(fontspec)              
(fontspec)             - 'normal' (m/n) with NFSS spec.: <->"Times New
(fontspec)             Roman/OT:script=latn;language=dflt;mapping=tex-text;"
(fontspec)             - 'bold' (b/n) with NFSS spec.: <->"Times New
(fontspec)             Roman/B/OT:script=latn;language=dflt;mapping=tex-text;"
(fontspec)             - 'italic' (m/it) with NFSS spec.: <->"Times New
(fontspec)             Roman/I/OT:script=latn;language=dflt;mapping=tex-text;"
(fontspec)             - 'bold italic' (b/it) with NFSS spec.: <->"Times New
(fontspec)             Roman/BI/OT:script=latn;language=dflt;mapping=tex-text;"



Package fontspec Info: 
(fontspec)             Menlo scale = 0.82.


Package fontspec Info: 
(fontspec)             Menlo scale = 0.82.


Package fontspec Info: 
(fontspec)             Menlo/B scale = 0.82.


Package fontspec Info: 
(fontspec)             Menlo/I scale = 0.82.


Package fontspec Info: 
(fontspec)             Menlo/BI scale = 0.82.


Package fontspec Info: 
(fontspec)             Font family 'Menlo(0)' created for font 'Menlo' with
(fontspec)             options
(fontspec)             [WordSpace={1,0,0},HyphenChar=None,PunctuationSpace=Word
Space,Scale=0.82].
(fontspec)              
(fontspec)              This font family consists of the following NFSS
(fontspec)             series/shapes:
(fontspec)              
(fontspec)             - 'normal' (m/n) with NFSS spec.:
(fontspec)             <->s*[0.82]"Menlo/AAT"
(fontspec)             - 'bold' (b/n) with NFSS spec.:
(fontspec)             <->s*[0.82]"Menlo/B/AAT"
(fontspec)             - 'italic' (m/it) with NFSS spec.:
(fontspec)             <->s*[0.82]"Menlo/I/AAT"
(fontspec)             - 'bold italic' (b/it) with NFSS spec.:
(fontspec)             <->s*[0.82]"Menlo/BI/AAT"

(/usr/local/texlive/2026basic/texmf-dist/tex/latex/graphics/graphicx.sty
Package: graphicx 2024/12/31 v1.2e Enhanced LaTeX Graphics (DPC,SPQR)

(/usr/local/texlive/2026basic/texmf-dist/tex/latex/graphics/graphics.sty
Package: graphics 2024/08/06 v1.4g Standard LaTeX Graphics (DPC,SPQR)

(/usr/local/texlive/2026basic/texmf-dist/tex/latex/graphics/trig.sty
Package: trig 2023/12/02 v1.11 sin cos tan (DPC)
)
(/usr/local/texlive/2026basic/texmf-dist/tex/latex/graphics-cfg/graphics.cfg
File: graphics.cfg 2016/06/04 v1.11 sample graphics configuration
)
Package graphics Info: Driver file: xetex.def on input line 106.

(/usr/local/texlive/2026basic/texmf-dist/tex/latex/graphics-def/xetex.def
File: xetex.def 2025/11/01 v5.0p Graphics/color driver for xetex
))
\Gin@req@height=\dimen190
\Gin@req@width=\dimen191
)
(/usr/local/texlive/2026basic/texmf-dist/tex/latex/tools/longtable.sty
Package: longtable 2025-10-13 v4.24 Multi-page Table package (DPC)
\LTleft=\skip60
\LTright=\skip61
\LTpre=\skip62
\LTpost=\skip63
\LTchunksize=\count313
\LTcapwidth=\dimen192
\LT@head=\box56
\LT@firsthead=\box57
\LT@foot=\box58
\LT@lastfoot=\box59
\LT@gbox=\box60
\LT@cols=\count314
\LT@rows=\count315
\c@LT@tables=\count316
\c@LT@chunks=\count317
\LT@p@ftn=\toks19
)
(/usr/local/texlive/2026basic/texmf-dist/tex/latex/tools/tabularx.sty
Package: tabularx 2023/12/11 v2.12a `tabularx' package (DPC)

(/usr/local/texlive/2026basic/texmf-dist/tex/latex/tools/array.sty
Package: array 2025/09/25 v2.6n Tabular extension package (FMi)
\col@sep=\dimen193
\ar@mcellbox=\box61
\extrarowheight=\dimen194
\NC@list=\toks20
\extratabsurround=\skip64
\backup@length=\skip65
\ar@cellbox=\box62
)
\TX@col@width=\dimen195
\TX@old@table=\dimen196
\TX@old@col=\dimen197
\TX@target=\dimen198
\TX@delta=\dimen199
\TX@cols=\count318
\TX@ftn=\toks21
)
(/usr/local/texlive/2026basic/texmf-dist/tex/latex/booktabs/booktabs.sty
Package: booktabs 2020/01/12 v1.61803398 Publication quality tables
\heavyrulewidth=\dimen256
\lightrulewidth=\dimen257
\cmidrulewidth=\dimen258
\belowrulesep=\dimen259
\belowbottomsep=\dimen260
\aboverulesep=\dimen261
\abovetopsep=\dimen262
\cmidrulesep=\dimen263
\cmidrulekern=\dimen264
\defaultaddspace=\dimen265
\@cmidla=\count319
\@cmidlb=\count320
\@aboverulesep=\dimen266
\@belowrulesep=\dimen267
\@thisruleclass=\count321
\@lastruleclass=\count322
\@thisrulewidth=\dimen268
)
(/usr/local/texlive/2026basic/texmf-dist/tex/latex/xcolor/xcolor.sty
Package: xcolor 2024/09/29 v3.02 LaTeX color extensions (UK)

(/usr/local/texlive/2026basic/texmf-dist/tex/latex/graphics-cfg/color.cfg
File: color.cfg 2016/01/02 v1.6 sample color configuration
)
Package xcolor Info: Driver file: xetex.def on input line 274.

(/usr/local/texlive/2026basic/texmf-dist/tex/latex/graphics/mathcolor.ltx)
Package xcolor Info: Model `cmy' substituted by `cmy0' on input line 1349.
Package xcolor Info: Model `RGB' extended on input line 1365.
Package xcolor Info: Model `HTML' substituted by `rgb' on input line 1367.
Package xcolor Info: Model `Hsb' substituted by `hsb' on input line 1368.
Package xcolor Info: Model `tHsb' substituted by `hsb' on input line 1369.
Package xcolor Info: Model `HSB' substituted by `hsb' on input line 1370.
Package xcolor Info: Model `Gray' substituted by `gray' on input line 1371.
Package xcolor Info: Model `wave' substituted by `hsb' on input line 1372.
)
(/usr/local/texlive/2026basic/texmf-dist/tex/latex/fancyhdr/fancyhdr.sty
Package: fancyhdr 2025/02/07 v5.2 Extensive control of page headers and footers

\f@nch@headwidth=\skip66
\f@nch@offset@elh=\skip67
\f@nch@offset@erh=\skip68
\f@nch@offset@olh=\skip69
\f@nch@offset@orh=\skip70
\f@nch@offset@elf=\skip71
\f@nch@offset@erf=\skip72
\f@nch@offset@olf=\skip73
\f@nch@offset@orf=\skip74
\f@nch@height=\skip75
\f@nch@footalignment=\skip76
\f@nch@widthL=\skip77
\f@nch@widthC=\skip78
\f@nch@widthR=\skip79
\@temptokenb=\toks22
)
(/usr/local/texlive/2026basic/texmf-dist/tex/latex/hyperref/hyperref.sty
Package: hyperref 2026-01-29 v7.01p Hypertext links for LaTeX

(/usr/local/texlive/2026basic/texmf-dist/tex/latex/kvsetkeys/kvsetkeys.sty
Package: kvsetkeys 2022-10-05 v1.19 Key value parser (HO)
)
(/usr/local/texlive/2026basic/texmf-dist/tex/generic/kvdefinekeys/kvdefinekeys.
sty
Package: kvdefinekeys 2019-12-19 v1.6 Define keys (HO)
)
(/usr/local/texlive/2026basic/texmf-dist/tex/generic/pdfescape/pdfescape.sty
Package: pdfescape 2019/12/09 v1.15 Implements pdfTeX's escape features (HO)

(/usr/local/texlive/2026basic/texmf-dist/tex/generic/ltxcmds/ltxcmds.sty
Package: ltxcmds 2023-12-04 v1.26 LaTeX kernel commands for general use (HO)
)
(/usr/local/texlive/2026basic/texmf-dist/tex/generic/pdftexcmds/pdftexcmds.sty
Package: pdftexcmds 2020-06-27 v0.33 Utility functions of pdfTeX for LuaTeX (HO
)

(/usr/local/texlive/2026basic/texmf-dist/tex/generic/infwarerr/infwarerr.sty
Package: infwarerr 2019/12/03 v1.5 Providing info/warning/error messages (HO)
)
Package pdftexcmds Info: \pdf@primitive is available.
Package pdftexcmds Info: \pdf@ifprimitive is available.
Package pdftexcmds Info: \pdfdraftmode not found.
)) (/usr/local/texlive/2026basic/texmf-dist/tex/latex/hycolor/hycolor.sty
Package: hycolor 2020-01-27 v1.10 Color options for hyperref/bookmark (HO)
)
(/usr/local/texlive/2026basic/texmf-dist/tex/latex/hyperref/nameref.sty
Package: nameref 2026-01-29 v2.58 Cross-referencing by name of section

(/usr/local/texlive/2026basic/texmf-dist/tex/latex/refcount/refcount.sty
Package: refcount 2019/12/15 v3.6 Data extraction from label references (HO)
)
(/usr/local/texlive/2026basic/texmf-dist/tex/generic/gettitlestring/gettitlestr
ing.sty
Package: gettitlestring 2019/12/15 v1.6 Cleanup title references (HO)

(/usr/local/texlive/2026basic/texmf-dist/tex/latex/kvoptions/kvoptions.sty
Package: kvoptions 2022-06-15 v3.15 Key value format for package options (HO)
))
\c@section@level=\count323
)
(/usr/local/texlive/2026basic/texmf-dist/tex/latex/etoolbox/etoolbox.sty
Package: etoolbox 2025/10/02 v2.5m e-TeX tools for LaTeX (JAW)
\etb@tempcnta=\count324
)
(/usr/local/texlive/2026basic/texmf-dist/tex/generic/stringenc/stringenc.sty
Package: stringenc 2019/11/29 v1.12 Convert strings between diff. encodings (HO
)
)
\@linkdim=\dimen269
\Hy@linkcounter=\count325
\Hy@pagecounter=\count326

(/usr/local/texlive/2026basic/texmf-dist/tex/latex/hyperref/pd1enc.def
File: pd1enc.def 2026-01-29 v7.01p Hyperref: PDFDocEncoding definition (HO)
)
(/usr/local/texlive/2026basic/texmf-dist/tex/generic/intcalc/intcalc.sty
Package: intcalc 2019/12/15 v1.3 Expandable calculations with integers (HO)
)
\Hy@SavedSpaceFactor=\count327

(/usr/local/texlive/2026basic/texmf-dist/tex/latex/hyperref/puenc.def
File: puenc.def 2026-01-29 v7.01p Hyperref: PDF Unicode definition (HO)
)
Package hyperref Info: Option `unicode' set `true' on input line 4072.
Package hyperref Info: Option `colorlinks' set `true' on input line 4072.
Package hyperref Info: Hyper figures OFF on input line 4201.
Package hyperref Info: Link nesting OFF on input line 4206.
Package hyperref Info: Hyper index ON on input line 4209.
Package hyperref Info: Plain pages OFF on input line 4216.
Package hyperref Info: Backreferencing OFF on input line 4221.
Package hyperref Info: Implicit mode ON; LaTeX internals redefined.
Package hyperref Info: Bookmarks ON on input line 4468.
\c@Hy@tempcnt=\count328

(/usr/local/texlive/2026basic/texmf-dist/tex/latex/url/url.sty
\Urlmuskip=\muskip17
Package: url 2013/09/16  ver 3.4  Verb mode for urls, etc.
)
LaTeX Info: Redefining \url on input line 4807.
\XeTeXLinkMargin=\dimen270

(/usr/local/texlive/2026basic/texmf-dist/tex/generic/bitset/bitset.sty
Package: bitset 2019/12/09 v1.3 Handle bit-vector datatype (HO)

(/usr/local/texlive/2026basic/texmf-dist/tex/generic/bigintcalc/bigintcalc.sty
Package: bigintcalc 2019/12/15 v1.5 Expandable calculations on big integers (HO
)
))
\Fld@menulength=\count329
\Field@Width=\dimen271
\Fld@charsize=\dimen272
Package hyperref Info: Hyper figures OFF on input line 6084.
Package hyperref Info: Link nesting OFF on input line 6089.
Package hyperref Info: Hyper index ON on input line 6092.
Package hyperref Info: backreferencing OFF on input line 6099.
Package hyperref Info: Link coloring ON on input line 6102.
Package hyperref Info: Link coloring with OCG OFF on input line 6109.
Package hyperref Info: PDF/A mode OFF on input line 6114.
\Hy@abspage=\count330
\c@Item=\count331
\c@Hfootnote=\count332
)
Package hyperref Info: Driver (autodetected): hxetex.
 (/usr/local/texlive/2026basic/texmf-dist/tex/latex/hyperref/hxetex.def
File: hxetex.def 2026-01-29 v7.01p Hyperref driver for XeTeX
\pdfm@box=\box63
\c@Hy@AnnotLevel=\count333
\HyField@AnnotCount=\count334
\Fld@listcount=\count335
\c@bookmark@seq@number=\count336

(/usr/local/texlive/2026basic/texmf-dist/tex/latex/rerunfilecheck/rerunfilechec
k.sty
Package: rerunfilecheck 2025-06-21 v1.11 Rerun checks for auxiliary files (HO)

(/usr/local/texlive/2026basic/texmf-dist/tex/generic/uniquecounter/uniquecounte
r.sty
Package: uniquecounter 2019/12/15 v1.4 Provide unlimited unique counter (HO)
)
Package uniquecounter Info: New unique counter `rerunfilecheck' on input line 2
84.
)
\Hy@SectionHShift=\skip80
) (./hw2_report.aux)
\openout1 = `hw2_report.aux'.

LaTeX Font Info:    Checking defaults for OML/cmm/m/it on input line 51.
LaTeX Font Info:    ... okay on input line 51.
LaTeX Font Info:    Checking defaults for OMS/cmsy/m/n on input line 51.
LaTeX Font Info:    ... okay on input line 51.
LaTeX Font Info:    Checking defaults for OT1/cmr/m/n on input line 51.
LaTeX Font Info:    ... okay on input line 51.
LaTeX Font Info:    Checking defaults for T1/cmr/m/n on input line 51.
LaTeX Font Info:    ... okay on input line 51.
LaTeX Font Info:    Checking defaults for TS1/cmr/m/n on input line 51.
LaTeX Font Info:    ... okay on input line 51.
LaTeX Font Info:    Checking defaults for TU/lmr/m/n on input line 51.
LaTeX Font Info:    ... okay on input line 51.
LaTeX Font Info:    Checking defaults for OMX/cmex/m/n on input line 51.
LaTeX Font Info:    ... okay on input line 51.
LaTeX Font Info:    Checking defaults for U/cmr/m/n on input line 51.
LaTeX Font Info:    ... okay on input line 51.
LaTeX Font Info:    Checking defaults for PD1/pdf/m/n on input line 51.
LaTeX Font Info:    ... okay on input line 51.
LaTeX Font Info:    Checking defaults for PU/pdf/m/n on input line 51.
LaTeX Font Info:    ... okay on input line 51.

Package fontspec Info: 
(fontspec)             Adjusting the maths setup (use [no-math] to avoid
(fontspec)             this).

\symlegacymaths=\mathgroup4
LaTeX Font Info:    Overwriting symbol font `legacymaths' in version `bold'
(Font)                  OT1/cmr/m/n --> OT1/cmr/bx/n on input line 51.
LaTeX Font Info:    Redeclaring math accent \acute on input line 51.
LaTeX Font Info:    Redeclaring math accent \grave on input line 51.
LaTeX Font Info:    Redeclaring math accent \ddot on input line 51.
LaTeX Font Info:    Redeclaring math accent \tilde on input line 51.
LaTeX Font Info:    Redeclaring math accent \bar on input line 51.
LaTeX Font Info:    Redeclaring math accent \breve on input line 51.
LaTeX Font Info:    Redeclaring math accent \check on input line 51.
LaTeX Font Info:    Redeclaring math accent \hat on input line 51.
LaTeX Font Info:    Redeclaring math accent \dot on input line 51.
LaTeX Font Info:    Redeclaring math accent \mathring on input line 51.
LaTeX Font Info:    Redeclaring math symbol \colon on input line 51.
LaTeX Font Info:    Redeclaring math symbol \Gamma on input line 51.
LaTeX Font Info:    Redeclaring math symbol \Delta on input line 51.
LaTeX Font Info:    Redeclaring math symbol \Theta on input line 51.
LaTeX Font Info:    Redeclaring math symbol \Lambda on input line 51.
LaTeX Font Info:    Redeclaring math symbol \Xi on input line 51.
LaTeX Font Info:    Redeclaring math symbol \Pi on input line 51.
LaTeX Font Info:    Redeclaring math symbol \Sigma on input line 51.
LaTeX Font Info:    Redeclaring math symbol \Upsilon on input line 51.
LaTeX Font Info:    Redeclaring math symbol \Phi on input line 51.
LaTeX Font Info:    Redeclaring math symbol \Psi on input line 51.
LaTeX Font Info:    Redeclaring math symbol \Omega on input line 51.
LaTeX Font Info:    Redeclaring math symbol \mathdollar on input line 51.
LaTeX Font Info:    Redeclaring symbol font `operators' on input line 51.
LaTeX Font Info:    Encoding `OT1' has changed to `TU' for symbol font
(Font)              `operators' in the math version `normal' on input line 51.
LaTeX Font Info:    Overwriting symbol font `operators' in version `normal'
(Font)                  OT1/cmr/m/n --> TU/TimesNewRoman(0)/m/n on input line 5
1.
LaTeX Font Info:    Encoding `OT1' has changed to `TU' for symbol font
(Font)              `operators' in the math version `bold' on input line 51.
LaTeX Font Info:    Overwriting symbol font `operators' in version `bold'
(Font)                  OT1/cmr/bx/n --> TU/TimesNewRoman(0)/m/n on input line 
51.
LaTeX Font Info:    Overwriting symbol font `operators' in version `normal'
(Font)                  TU/TimesNewRoman(0)/m/n --> TU/TimesNewRoman(0)/m/n on 
input line 51.
LaTeX Font Info:    Overwriting math alphabet `\mathit' in version `normal'
(Font)                  OT1/cmr/m/it --> TU/TimesNewRoman(0)/m/it on input line
 51.
LaTeX Font Info:    Overwriting math alphabet `\mathbf' in version `normal'
(Font)                  OT1/cmr/bx/n --> TU/TimesNewRoman(0)/b/n on input line 
51.
LaTeX Font Info:    Overwriting math alphabet `\mathsf' in version `normal'
(Font)                  OT1/cmss/m/n --> TU/lmss/m/n on input line 51.
LaTeX Font Info:    Overwriting math alphabet `\mathtt' in version `normal'
(Font)                  OT1/cmtt/m/n --> TU/Menlo(0)/m/n on input line 51.
LaTeX Font Info:    Overwriting symbol font `operators' in version `bold'
(Font)                  TU/TimesNewRoman(0)/m/n --> TU/TimesNewRoman(0)/b/n on 
input line 51.
LaTeX Font Info:    Overwriting math alphabet `\mathit' in version `bold'
(Font)                  OT1/cmr/bx/it --> TU/TimesNewRoman(0)/b/it on input lin
e 51.
LaTeX Font Info:    Overwriting math alphabet `\mathsf' in version `bold'
(Font)                  OT1/cmss/bx/n --> TU/lmss/b/n on input line 51.
LaTeX Font Info:    Overwriting math alphabet `\mathtt' in version `bold'
(Font)                  OT1/cmtt/m/n --> TU/Menlo(0)/b/n on input line 51.

*geometry* driver: auto-detecting
*geometry* detected driver: xetex
*geometry* verbose mode - [ preamble ] result:
* driver: xetex
* paper: a4paper
* layout: <same size as paper>
* layoutoffset:(h,v)=(0.0pt,0.0pt)
* modes: 
* h-part:(L,W,R)=(68.28644pt, 460.935pt, 68.28644pt)
* v-part:(T,H,B)=(68.28644pt, 708.47397pt, 68.28644pt)
* \paperwidth=597.50787pt
* \paperheight=845.04684pt
* \textwidth=460.935pt
* \textheight=708.47397pt
* \oddsidemargin=-3.98355pt
* \evensidemargin=-3.98355pt
* \topmargin=-42.98355pt
* \headheight=14.0pt
* \headsep=25.0pt
* \topskip=11.0pt
* \footskip=30.0pt
* \marginparwidth=50.0pt
* \marginparsep=10.0pt
* \columnsep=10.0pt
* \skip\footins=10.0pt plus 4.0pt minus 2.0pt
* \hoffset=0.0pt
* \voffset=0.0pt
* \mag=1000
* \@twocolumnfalse
* \@twosidefalse
* \@mparswitchfalse
* \@reversemarginfalse
* (1in=72.27pt=25.4mm, 1cm=28.453pt)

Package hyperref Info: Link coloring ON on input line 51.
(./hw2_report.out) (./hw2_report.out)
\@outlinefile=\write3
\openout3 = `hw2_report.out'.

LaTeX Font Info:    External font `cmex10' loaded for size
(Font)              <12> on input line 53.
LaTeX Font Info:    External font `cmex10' loaded for size
(Font)              <8> on input line 53.
LaTeX Font Info:    External font `cmex10' loaded for size
(Font)              <6> on input line 53.
 (./hw2_report.toc
LaTeX Font Info:    External font `cmex10' loaded for size
(Font)              <10.95> on input line 2.
 [1

] [2])
\tf@toc=\write4
\openout4 = `hw2_report.toc'.

 [3]
File: diagrams/diagram_01.png Graphic file (type bmp)
<diagrams/diagram_01.png>

Overfull \hbox (18.92813pt too wide) in alignment at lines 80--84
 [] [] [] 
 []


Package fontspec Info: 
(fontspec)             Script 'CJK' not explicitly supported within font
(fontspec)             'STHeiti'. Check the typeset output, and if it is okay
(fontspec)             then ignore this warning. Otherwise a different font
(fontspec)             should be chosen.


Package fontspec Info: 
(fontspec)             Could not resolve font "STHeiti/BI" (it probably
(fontspec)             doesn't exist).


Package fontspec Info: 
(fontspec)             Could not resolve font "STHeiti/B" (it probably doesn't
(fontspec)             exist).


Package fontspec Info: 
(fontspec)             Could not resolve font "STHeiti/I" (it probably doesn't
(fontspec)             exist).

LaTeX Font Info:    Font shape `TU/Menlo(0)/m/n' will be
(Font)              scaled to size 8.97906pt on input line 85.

Package fontspec Info: 
(fontspec)             Font family 'STHeiti(0)' created for font 'STHeiti'
(fontspec)             with options [Script={CJK}].
(fontspec)              
(fontspec)              This font family consists of the following NFSS
(fontspec)             series/shapes:
(fontspec)              
(fontspec)             - 'normal' (m/n) with NFSS spec.:
(fontspec)             <->"STHeiti/OT:script=hani;language=dflt;"


Underfull \hbox (badness 10000) in paragraph at lines 86--87
[]|\TU/Menlo(0)/m/n/10.95 ChargeRequestController \TU/TimesNewRoman(0)/m/n/10.9
5 /
 []


Underfull \hbox (badness 10000) in paragraph at lines 87--88
[]|\TU/Menlo(0)/m/n/10.95 RequestRepo \TU/TimesNewRoman(0)/m/n/10.95 / \TU/Menl
o(0)/m/n/10.95 SessionRepo \TU/TimesNewRoman(0)/m/n/10.95 /
 []


Overfull \hbox (18.92813pt too wide) in alignment at lines 84--89
 [] [] [] 
 []

[4] [5]
Overfull \hbox (13.85587pt too wide) in alignment at lines 131--135
 [] [] [] [] 
 []


Overfull \hbox (7.39551pt too wide) in paragraph at lines 138--138
[]|\TU/Menlo(0)/m/n/10.95 :ChargeReqCtrl| 
 []


Overfull \hbox (4.54854pt too wide) in paragraph at lines 138--138
[]|\TU/Menlo(0)/m/n/10.95 :ChargeRequestController| 
 []


Overfull \hbox (1.98965pt too wide) in paragraph at lines 147--147
[]|\TU/Menlo(0)/m/n/10.95 :WaitingQueue| 
 []


Overfull \hbox (1.98965pt too wide) in paragraph at lines 148--148
[]|\TU/Menlo(0)/m/n/10.95 :ChargingArea| 
 []


Overfull \hbox (1.98965pt too wide) in paragraph at lines 149--149
[]|\TU/Menlo(0)/m/n/10.95 :ChargingPile| 
 []


Overfull \hbox (13.85587pt too wide) in alignment at lines 135--162
 [] [] [] [] 
 []


ignored: Infinite glue shrinkage found in box being split [6

] [7]
Overfull \hbox (12.99405pt too wide) in alignment at lines 174--178
 [] [] [] [] 
 []


Underfull \hbox (badness 10000) in paragraph at lines 179--179
[]|\TU/Menlo(0)/m/n/10.95 E_chargingRequest(car_Id,
 []


Underfull \hbox (badness 10000) in paragraph at lines 179--180
[]|\TU/Menlo(0)/m/n/10.95 Return(car_position,
 []


Underfull \hbox (badness 10000) in paragraph at lines 179--180
\TU/Menlo(0)/m/n/10.95 car_state, queue_Num,
 []


Overfull \hbox (24.46341pt too wide) in paragraph at lines 182--183
[]|\TU/Menlo(0)/m/n/10.95 Return(car_Number_before_position,
 []


Underfull \hbox (badness 10000) in paragraph at lines 182--183
\TU/Menlo(0)/m/n/10.95 car_state, queue_Num,
 []


Underfull \hbox (badness 10000) in paragraph at lines 183--183
[]|\TU/Menlo(0)/m/n/10.95 Start_Charging(car_Id,
 []


Underfull \hbox (badness 10000) in paragraph at lines 185--185
[]|\TU/Menlo(0)/m/n/10.95 End_Charging(car_Id,
 []


Overfull \hbox (12.99405pt too wide) in alignment at lines 178--187
 [] [] [] [] 
 []


Overfull \hbox (1.23726pt too wide) in alignment at lines 193--197
 [] [] 
 []


Overfull \hbox (1.23726pt too wide) in alignment at lines 197--203
 [] [] 
 []


Underfull \hbox (badness 3568) in paragraph at lines 217--217
[]|\TU/SongtiSC(0)/m/n/10.95 第 一 个 接 收 该 消 息 的 软 件 对
 []


Underfull \hbox (badness 10000) in paragraph at lines 217--217
[]|\TU/SongtiSC(0)/m/n/10.95 谁 负 责 创 建
 []


Overfull \hbox (21.9pt too wide) in paragraph at lines 217--218
[][] 
 []

[8

]
File: diagrams/diagram_02.png Graphic file (type bmp)
<diagrams/diagram_02.png>

Overfull \hbox (21.9pt too wide) in paragraph at lines 241--242
[][] 
 []

[9]
Overfull \hbox (21.9pt too wide) in paragraph at lines 254--255
[][] 
 []

File: diagrams/diagram_03.png Graphic file (type bmp)
<diagrams/diagram_03.png>

Overfull \hbox (21.9pt too wide) in paragraph at lines 276--277
[][] 
 []

[10]
Overfull \hbox (21.9pt too wide) in paragraph at lines 289--290
[][] 
 []

File: diagrams/diagram_04.png Graphic file (type bmp)
<diagrams/diagram_04.png>
[11]
Overfull \hbox (21.9pt too wide) in paragraph at lines 311--312
[][] 
 []


Underfull \hbox (badness 10000) in paragraph at lines 323--323
[]|\TU/SongtiSC(0)/m/n/10.95 为 何 不 直 接 读
 []


Overfull \hbox (21.9pt too wide) in paragraph at lines 323--324
[][] 
 []

File: diagrams/diagram_05.png Graphic file (type bmp)
<diagrams/diagram_05.png>

Overfull \hbox (21.9pt too wide) in paragraph at lines 345--346
[][] 
 []

[12]
Underfull \hbox (badness 10000) in paragraph at lines 358--358
[]|\TU/SongtiSC(0)/m/n/10.95 谁 负 责 创 建
 []


Overfull \hbox (21.9pt too wide) in paragraph at lines 358--359
[][] 
 []

File: diagrams/diagram_06.png Graphic file (type bmp)
<diagrams/diagram_06.png>
[13]
Overfull \hbox (21.9pt too wide) in paragraph at lines 380--381
[][] 
 []


Overfull \hbox (21.9pt too wide) in paragraph at lines 392--393
[][] 
 []

File: diagrams/diagram_07.png Graphic file (type bmp)
<diagrams/diagram_07.png>
[14]
Overfull \hbox (21.9pt too wide) in paragraph at lines 416--417
[][] 
 []


Overfull \hbox (21.9pt too wide) in paragraph at lines 429--430
[][] 
 []

File: diagrams/diagram_08.png Graphic file (type bmp)
<diagrams/diagram_08.png>
[15]
Underfull \hbox (badness 10000) in paragraph at lines 448--448
[]|\TU/SongtiSC(0)/b/n/10.95 序
 []


Overfull \hbox (28.08269pt too wide) in alignment at lines 446--450
 [] [] [] [] 
 []


Underfull \hbox (badness 10000) in paragraph at lines 451--452
[]|\TU/Menlo(0)/m/n/10.95 Return(carId, date, Bill_Id,
 []


Underfull \hbox (badness 10000) in paragraph at lines 451--452
\TU/Menlo(0)/m/n/10.95 ChargePileNum, ChargeAmount,
 []


Underfull \hbox (badness 10000) in paragraph at lines 451--452
\TU/Menlo(0)/m/n/10.95 ChargeDuration, StartTime,
 []


Underfull \hbox (badness 10000) in paragraph at lines 451--452
\TU/Menlo(0)/m/n/10.95 EndTime, TotalChargeFee,
 []


Underfull \hbox (badness 10000) in paragraph at lines 452--453
[]|\TU/Menlo(0)/m/n/10.95 Return(carId, date, Bill_Id,
 []


Underfull \hbox (badness 10000) in paragraph at lines 452--453
\TU/Menlo(0)/m/n/10.95 ChargePileNum, ChargeAmount,
 []


Underfull \hbox (badness 10000) in paragraph at lines 452--453
\TU/Menlo(0)/m/n/10.95 ChargeDuration, StartTime,
 []


Underfull \hbox (badness 10000) in paragraph at lines 452--453
\TU/Menlo(0)/m/n/10.95 EndTime, ChargeFee, ServiceFee,
 []


Overfull \hbox (28.08269pt too wide) in alignment at lines 450--454
 [] [] [] [] 
 []


Overfull \hbox (21.9pt too wide) in paragraph at lines 469--470
[][] 
 []


Overfull \hbox (21.9pt too wide) in paragraph at lines 481--482
[][] 
 []

[16

]
File: diagrams/diagram_09.png Graphic file (type bmp)
<diagrams/diagram_09.png>

Overfull \hbox (21.9pt too wide) in paragraph at lines 503--504
[][] 
 []


Overfull \hbox (21.9pt too wide) in paragraph at lines 514--515
[][] 
 []

File: diagrams/diagram_10.png Graphic file (type bmp)
<diagrams/diagram_10.png>
[17] [18]
Underfull \hbox (badness 3417) in paragraph at lines 535--535
[]|\TU/Menlo(0)/m/n/10.95 setParameters(\TU/STHeiti(0)/m/n/10.95 计 费 规 则\TU/Men
lo(0)/m/n/10.95 , \TU/STHeiti(0)/m/n/10.95 三 个 时 段 的 电 价 数
 []


Overfull \hbox (21.9pt too wide) in paragraph at lines 554--555
[][] 
 []


Overfull \hbox (21.9pt too wide) in paragraph at lines 566--567
[][] 
 []

File: diagrams/diagram_11.png Graphic file (type bmp)
<diagrams/diagram_11.png>

Overfull \hbox (21.9pt too wide) in paragraph at lines 588--589
[][] 
 []

[19

]
Overfull \hbox (21.9pt too wide) in paragraph at lines 600--601
[][] 
 []

File: diagrams/diagram_12.png Graphic file (type bmp)
<diagrams/diagram_12.png>
[20]
Overfull \hbox (21.9pt too wide) in paragraph at lines 622--623
[][] 
 []


Overfull \hbox (21.9pt too wide) in paragraph at lines 634--635
[][] 
 []

File: diagrams/diagram_13.png Graphic file (type bmp)
<diagrams/diagram_13.png>

Overfull \hbox (21.9pt too wide) in paragraph at lines 656--657
[][] 
 []

[21]
Underfull \hbox (badness 3568) in paragraph at lines 668--668
[]|\TU/SongtiSC(0)/m/n/10.95 关 闭 时 是 否 允 许 中 断 在 充 会
 []


Overfull \hbox (21.9pt too wide) in paragraph at lines 668--669
[][] 
 []

File: diagrams/diagram_14.png Graphic file (type bmp)
<diagrams/diagram_14.png>
[22] [23]
Overfull \hbox (24.3754pt too wide) in alignment at lines 683--687
 [] [] [] [] 
 []


Underfull \hbox (badness 10000) in paragraph at lines 688--689
[]|\TU/Menlo(0)/m/n/10.95 Return(workingState,
 []


Underfull \hbox (badness 10000) in paragraph at lines 688--689
\TU/Menlo(0)/m/n/10.95 TotalChargeNum,
 []


Underfull \hbox (badness 10000) in paragraph at lines 688--689
\TU/Menlo(0)/m/n/10.95 TotalChargeTime,
 []


Underfull \hbox (badness 10000) in paragraph at lines 689--690
[]|\TU/Menlo(0)/m/n/10.95 Return(car_Id,
 []


Underfull \hbox (badness 10000) in paragraph at lines 689--690
\TU/Menlo(0)/m/n/10.95 car_Capacity,
 []


Overfull \hbox (24.3754pt too wide) in alignment at lines 687--691
 [] [] [] [] 
 []


Overfull \hbox (21.9pt too wide) in paragraph at lines 706--707
[][] 
 []


Overfull \hbox (21.9pt too wide) in paragraph at lines 718--719
[][] 
 []

File: diagrams/diagram_15.png Graphic file (type bmp)
<diagrams/diagram_15.png>

Overfull \hbox (10.42598pt too wide) in paragraph at lines 727--728
\TU/SongtiSC(0)/m/n/10.95 客 户 端 按 \TU/Menlo(0)/m/n/10.95 N |\TU/SongtiSC(0)/m/n
/10.95 （默 认 \TU/TimesNewRoman(0)/m/n/10.95 5s\TU/SongtiSC(0)/m/n/10.95 ）|  周 期 
发 起 请 求；|  当 \TU/Menlo(0)/m/n/10.95 pile_Id \TU/SongtiSC(0)/m/n/10.95 为 空 时 由 \
TU/Menlo(0)/m/n/10.95 :PileCtrl \TU/SongtiSC(0)/m/n/10.95 内 部 展 开 为 \TU/TimesNe
wRoman(0)/m/n/10.95 5 \TU/SongtiSC(0)/m/n/10.95 个 并 行 \TU/Menlo(0)/m/n/10.95 qu
eryState\TU/SongtiSC(0)/m/n/10.95 。| 
 []

[24

]
Overfull \hbox (21.9pt too wide) in paragraph at lines 742--743
[][] 
 []


Underfull \hbox (badness 1776) in paragraph at lines 754--754
[]|\TU/SongtiSC(0)/m/n/10.95 谁 负 责 跨 等 候 区\TU/TimesNewRoman(0)/m/n/10.95 /\TU/S
ongtiSC(0)/m/n/10.95 桩 内 队 列 的
 []


Overfull \hbox (21.9pt too wide) in paragraph at lines 754--755
[][] 
 []

File: diagrams/diagram_16.png Graphic file (type bmp)
<diagrams/diagram_16.png>
[25] [26]
Underfull \hbox (badness 10000) in paragraph at lines 777--777
[]|\TU/SongtiSC(0)/b/n/10.95 序
 []


Overfull \hbox (25.23767pt too wide) in alignment at lines 775--779
 [] [] [] [] 
 []


Underfull \hbox (badness 2050) in paragraph at lines 780--780
[]|\TU/Menlo(0)/m/n/10.95 onPileFault(pile_F)\TU/SongtiSC(0)/m/n/10.95 ，|  保 留 
\TU/Menlo(0)/m/n/10.95 Car_X
 []


Underfull \hbox (badness 10000) in paragraph at lines 780--781
[]|\TU/Menlo(0)/m/n/10.95 dispatchNotify(Car_X,
 []


Underfull \hbox (badness 3623) in paragraph at lines 781--781
[]|\TU/Menlo(0)/m/n/10.95 onPileFault(pile_F)\TU/SongtiSC(0)/m/n/10.95 ，|  把 \T
U/Menlo(0)/m/n/10.95 Car_X /
 []


Underfull \hbox (badness 10000) in paragraph at lines 782--783
[]|\TU/Menlo(0)/m/n/10.95 dispatchNotify(:Req(head),
 []


Overfull \hbox (25.23767pt too wide) in alignment at lines 779--784
 [] [] [] [] 
 []


Underfull \hbox (badness 10000) in paragraph at lines 798--798
[]|\TU/SongtiSC(0)/m/n/10.95 后 置 条 件  |（故
 []


Underfull \hbox (badness 10000) in paragraph at lines 798--798
[]|\TU/SongtiSC(0)/m/n/10.95 后 置 条 件  |（恢
 []


Overfull \hbox (21.9pt too wide) in paragraph at lines 798--799
[][] 
 []

[27

]
Overfull \hbox (21.9pt too wide) in paragraph at lines 811--812
[][] 
 []

File: diagrams/diagram_17.png Graphic file (type bmp)
<diagrams/diagram_17.png>

Overfull \hbox (21.9pt too wide) in paragraph at lines 831--832
[][] 
 []

File: diagrams/diagram_18.png Graphic file (type bmp)
<diagrams/diagram_18.png>
[28]
Underfull \hbox (badness 1122) in paragraph at lines 851--851
[]|\TU/TimesNewRoman(0)/m/n/10.95 “\TU/SongtiSC(0)/m/n/10.95 故 障 中 断\TU/TimesNe
wRoman(0)/m/n/10.95 ” \TU/SongtiSC(0)/m/n/10.95 会 话 费 用 如 何 与 新
 []


Overfull \hbox (21.9pt too wide) in paragraph at lines 851--852
[][] 
 []

File: diagrams/diagram_19.png Graphic file (type bmp)
<diagrams/diagram_19.png>
[29]
Overfull \hbox (21.9pt too wide) in paragraph at lines 880--881
[][] 
 []

File: diagrams/diagram_20.png Graphic file (type bmp)
<diagrams/diagram_20.png>

Overfull \hbox (21.9pt too wide) in paragraph at lines 900--901
[][] 
 []

[30

]
File: diagrams/diagram_21.png Graphic file (type bmp)
<diagrams/diagram_21.png>
 [31]
File: diagrams/diagram_22.png Graphic file (type bmp)
<diagrams/diagram_22.png>

Overfull \hbox (16.08269pt too wide) in alignment at lines 934--938
 [] [] [] 
 []


Underfull \hbox (badness 10000) in paragraph at lines 939--939
[]|\TU/TimesNewRoman(0)/m/n/10.95 currentUserId, currentVehicleId,
 []


Underfull \hbox (badness 10000) in paragraph at lines 939--940
[]|\TU/TimesNewRoman(0)/m/n/10.95 submitChargeRequest(), mod-
 []


Underfull \hbox (badness 10000) in paragraph at lines 939--940
\TU/TimesNewRoman(0)/m/n/10.95 ifyAmount(), modifyMode(),
 []


Underfull \hbox (badness 10000) in paragraph at lines 939--940
\TU/TimesNewRoman(0)/m/n/10.95 queryCarState(), startCharging(),
 []


Overfull \hbox (21.90454pt too wide) in paragraph at lines 940--940
[]|\TU/Menlo(0)/m/n/10.95 ChargeRequestController| 
 []


Underfull \hbox (badness 10000) in paragraph at lines 940--941
[]|\TU/Menlo(0)/m/n/10.95 E_chargingRequest\TU/TimesNewRoman(0)/m/n/10.95 ,
 []


Underfull \hbox (badness 10000) in paragraph at lines 940--941
\TU/Menlo(0)/m/n/10.95 Modify_Amount\TU/TimesNewRoman(0)/m/n/10.95 , \TU/Menlo(
0)/m/n/10.95 Modify_Mode\TU/TimesNewRoman(0)/m/n/10.95 ,
 []


Underfull \hbox (badness 10000) in paragraph at lines 940--941
\TU/Menlo(0)/m/n/10.95 Query_Car_State\TU/TimesNewRoman(0)/m/n/10.95 , \TU/Menl
o(0)/m/n/10.95 Start_Charging\TU/TimesNewRoman(0)/m/n/10.95 ,
 []


Underfull \hbox (badness 10000) in paragraph at lines 941--941
[]|\TU/TimesNewRoman(0)/m/n/10.95 strategy, waitingArea, chargin-
 []


Underfull \hbox (badness 10000) in paragraph at lines 941--942
[]|\TU/TimesNewRoman(0)/m/n/10.95 createRequest(), recomputeWaitTime(),
 []


Underfull \hbox (badness 1939) in paragraph at lines 942--943
[]|\TU/TimesNewRoman(0)/m/n/10.95 generateBill(), aggregateBills(), explod-
 []


Underfull \hbox (badness 10000) in paragraph at lines 944--944
[]|\TU/TimesNewRoman(0)/m/n/10.95 mode, items:
 []


Underfull \hbox (badness 10000) in paragraph at lines 944--945
[]|\TU/TimesNewRoman(0)/m/n/10.95 enqueue(), pollHead(), peek(), posi-
 []


Underfull \hbox (badness 3323) in paragraph at lines 946--947
[]|\TU/TimesNewRoman(0)/m/n/10.95 getState(), setState(), enqueue(), peek-
 []


Underfull \hbox (badness 10000) in paragraph at lines 946--947
\TU/TimesNewRoman(0)/m/n/10.95 Head(), queueRemainTime(), hasAc-
 []


Underfull \hbox (badness 10000) in paragraph at lines 949--949
[]|\TU/TimesNewRoman(0)/m/n/10.95 requestId, carId, mode, targe-
 []


Underfull \hbox (badness 10000) in paragraph at lines 949--949
\TU/TimesNewRoman(0)/m/n/10.95 tAmount, state, requestTime,
 []


Underfull \hbox (badness 2717) in paragraph at lines 950--950
\TU/TimesNewRoman(0)/m/n/10.95 Time, endTime, kWh, duration,
 []


Underfull \hbox (badness 2970) in paragraph at lines 951--951
[]|\TU/TimesNewRoman(0)/m/n/10.95 billId, sessionId, chargeAmount,
 []


Underfull \hbox (badness 6493) in paragraph at lines 951--951
\TU/TimesNewRoman(0)/m/n/10.95 chargeDuration, startTime, end-
 []


Underfull \hbox (badness 10000) in paragraph at lines 951--951
\TU/TimesNewRoman(0)/m/n/10.95 Time, totalChargeFee, totalSer-
 []


Underfull \hbox (badness 10000) in paragraph at lines 951--952
[]|\TU/TimesNewRoman(0)/m/n/10.95 computeFromSession(), getDetail(),
 []


Underfull \hbox (badness 6526) in paragraph at lines 952--952
\TU/TimesNewRoman(0)/m/n/10.95 peakRange, valleyRange, valid-
 []


Underfull \hbox (badness 1137) in paragraph at lines 954--954
[]|\TU/TimesNewRoman(0)/m/n/10.95 endpoints: Map<pileId, Connec-
 []


Overfull \hbox (16.08269pt too wide) in alignment at lines 938--958
 [] [] [] 
 []


ignored: Infinite glue shrinkage found in box being split [32

]
ignored: Infinite glue shrinkage found in box being split [33] [34]
File: diagrams/diagram_23.png Graphic file (type bmp)
<diagrams/diagram_23.png>

Overfull \hbox (16.08269pt too wide) in alignment at lines 972--976
 [] [] [] 
 []


Underfull \hbox (badness 10000) in paragraph at lines 980--980
[]|\TU/TimesNewRoman(0)/m/n/10.95 billId, sessionId, carId, date,
 []


Underfull \hbox (badness 10000) in paragraph at lines 980--980
\TU/TimesNewRoman(0)/m/n/10.95 chargeAmount, chargeDuration,
 []


Underfull \hbox (badness 6477) in paragraph at lines 980--980
\TU/TimesNewRoman(0)/m/n/10.95 startTime, endTime, totalCharge-
 []


Underfull \hbox (badness 2790) in paragraph at lines 981--981
[]|\TU/TimesNewRoman(0)/m/n/10.95 sessionId, pileId, startTime, end-
 []


Overfull \hbox (16.08269pt too wide) in alignment at lines 976--986
 [] [] [] 
 []

[35

]
File: diagrams/diagram_24.png Graphic file (type bmp)
<diagrams/diagram_24.png>

Overfull \hbox (16.08269pt too wide) in alignment at lines 1000--1004
 [] [] [] 
 []


Underfull \hbox (badness 1694) in paragraph at lines 1005--1006
[]|\TU/TimesNewRoman(0)/m/n/10.95 powerOn(), setParameters(), startCharg-
 []


Underfull \hbox (badness 10000) in paragraph at lines 1006--1007
[]|\TU/Menlo(0)/m/n/10.95 powerOn\TU/TimesNewRoman(0)/m/n/10.95 , \TU/Menlo(0)/
m/n/10.95 setParameters\TU/TimesNewRoman(0)/m/n/10.95 ,
 []


Underfull \hbox (badness 7722) in paragraph at lines 1016--1017
[]|\TU/TimesNewRoman(0)/m/n/10.95 powerOn(), powerOff(), startService(),
 []


Overfull \hbox (16.08269pt too wide) in alignment at lines 1004--1020
 [] [] [] 
 []

[36

] [37]
File: diagrams/diagram_25.png Graphic file (type bmp)
<diagrams/diagram_25.png>

Overfull \hbox (16.08269pt too wide) in alignment at lines 1034--1038
 [] [] [] 
 []


Underfull \hbox (badness 7740) in paragraph at lines 1044--1044
[]|\TU/TimesNewRoman(0)/m/n/10.95 pileId, workingState, totalChar-
 []


Underfull \hbox (badness 10000) in paragraph at lines 1045--1045
[]|\TU/Menlo(0)/m/n/10.95 FastChargingPile\TU/TimesNewRoman(0)/m/n/10.95 ,
 []


Overfull \hbox (16.08269pt too wide) in alignment at lines 1038--1052
 [] [] [] 
 []


ignored: Infinite glue shrinkage found in box being split [38

] [39]
File: diagrams/diagram_26.png Graphic file (type bmp)
<diagrams/diagram_26.png>

Overfull \hbox (16.08269pt too wide) in alignment at lines 1066--1070
 [] [] [] 
 []


Underfull \hbox (badness 10000) in paragraph at lines 1072--1073
[]|\TU/Menlo(0)/m/n/10.95 ConfirmPileFault\TU/TimesNewRoman(0)/m/n/10.95 , \TU/
Menlo(0)/m/n/10.95 ResumePile\TU/TimesNewRoman(0)/m/n/10.95 ,
 []


Underfull \hbox (badness 1360) in paragraph at lines 1074--1074
[]|\TU/TimesNewRoman(0)/m/n/10.95 activeFaults: Map<pileId, Fault-
 []


Underfull \hbox (badness 10000) in paragraph at lines 1074--1075
[]|\TU/TimesNewRoman(0)/m/n/10.95 onPileFault(), drainAllPendingTo(),
 []


Underfull \hbox (badness 10000) in paragraph at lines 1074--1075
\TU/TimesNewRoman(0)/m/n/10.95 closeFaultRecord(), recomputeOrder-
 []


Underfull \hbox (badness 10000) in paragraph at lines 1075--1076
[]|\TU/TimesNewRoman(0)/m/n/10.95 recomputeOrder(mode), registerAvail-
 []


Underfull \hbox (badness 10000) in paragraph at lines 1077--1078
[]|\TU/TimesNewRoman(0)/m/n/10.95 setState(), getQueue(), drainAllPend-
 []


Underfull \hbox (badness 10000) in paragraph at lines 1078--1078
[]|\TU/Menlo(0)/m/n/10.95 FastChargingPile\TU/TimesNewRoman(0)/m/n/10.95 ,
 []


Underfull \hbox (badness 10000) in paragraph at lines 1079--1079
[]|\TU/Menlo(0)/m/n/10.95 WaitingArea \TU/TimesNewRoman(0)/m/n/10.95 /
 []


Underfull \hbox (badness 10000) in paragraph at lines 1079--1080
[]|\TU/TimesNewRoman(0)/m/n/10.95 enqueueWithOriginalTime(), enqueue-
 []


Underfull \hbox (badness 1769) in paragraph at lines 1080--1080
[]|\TU/TimesNewRoman(0)/m/n/10.95 requestId, carId, mode, targetA-
 []


Underfull \hbox (badness 3612) in paragraph at lines 1083--1083
[]|\TU/TimesNewRoman(0)/m/n/10.95 faultId, pileId, faultType, fault-
 []


Underfull \hbox (badness 1931) in paragraph at lines 1084--1084
[]|\TU/TimesNewRoman(0)/m/n/10.95 reportId, userId, pileId, descrip-
 []


Overfull \hbox (16.08269pt too wide) in alignment at lines 1070--1087
 [] [] [] 
 []


ignored: Infinite glue shrinkage found in box being split [40

] [41]
File: diagrams/diagram_27.png Graphic file (type bmp)
<diagrams/diagram_27.png>
 [42

]
Underfull \hbox (badness 4217) in paragraph at lines 1144--1144
[]|\TU/SongtiSC(0)/m/n/10.95 第 一 章 系 统 架 构 选 择 及 说
 []


Underfull \hbox (badness 4217) in paragraph at lines 1146--1146
[]|\TU/SongtiSC(0)/m/n/10.95 第 三 章 用 例 级 类 图 与 说 明
 []

[43

] [44] (./hw2_report.aux)
 ***********
LaTeX2e <2025-11-01>
L3 programming layer <2022/07/14>
 ***********
Package rerunfilecheck Info: File `hw2_report.out' has not changed.
(rerunfilecheck)             Checksum: CF9DEAB41E9B8AD1D0DAC3FF9CD60D37;9873.
 ) 
Here is how much of TeX's memory you used:
 16280 strings out of 469709
 369692 string characters out of 5466024
 808302 words of memory out of 5000000
 44634 multiletter control sequences out of 15000+600000
 633847 words of font info for 114 fonts, out of 8000000 for 9000
 319 hyphenation exceptions out of 8191
 93i,13n,114p,1260b,499s stack positions out of 10000i,1000n,20000p,200000b,200000s

Output written on hw2_report.pdf (44 pages).
