\BOOKMARK [1][-]{section.1}{\376\377\174\373\176\337\147\266\147\204\220\011\142\351\123\312\213\364\146\016\000\040\000\050\0001\0000\000\045\000\051}{}% 1
\BOOKMARK [2][-]{subsection.1.1}{\376\377\147\266\147\204\220\011\127\213}{section.1}% 2
\BOOKMARK [2][-]{subsection.1.2}{\376\377\162\151\164\006\220\350\177\162\116\016\217\320\210\114\211\306\126\376}{section.1}% 3
\BOOKMARK [2][-]{subsection.1.3}{\376\377\116\011\134\102\220\073\217\221\122\006\134\102}{section.1}% 4
\BOOKMARK [2][-]{subsection.1.4}{\376\377\147\015\122\241\126\150\121\205\220\350\200\114\215\043\122\022\122\006}{section.1}% 5
\BOOKMARK [2][-]{subsection.1.5}{\376\377\116\016\147\054\153\041\117\134\116\032\166\204\133\371\136\224\121\163\174\373}{section.1}% 6
\BOOKMARK [1][-]{section.2}{\376\377\122\250\140\001\176\323\147\204\213\276\213\241\000\040\000\050\0008\0000\000\045\000\051}{}% 7
\BOOKMARK [2][-]{subsection.2.1}{\376\377\213\276\213\241\151\202\211\310\116\016\176\337\116\000\126\376\117\213}{section.2}% 8
\BOOKMARK [2][-]{subsection.2.2}{\376\377\165\050\117\213\377\032\121\105\165\065\165\063\213\367}{section.2}% 9
\BOOKMARK [3][-]{subsubsection.2.2.1}{\376\377\135\362\167\345\147\141\116\366}{subsection.2.2}% 10
\BOOKMARK [3][-]{subsubsection.2.2.2}{\376\377\133\371\214\141\213\276\213\241\377\032\000E\000\137\000c\000h\000a\000r\000g\000i\000n\000g\000R\000e\000q\000u\000e\000s\000t\000\050\000c\000a\000r\000\137\000I\000d\000,\000\040\000R\000e\000q\000u\000e\000s\000t\000\137\000A\000m\000o\000u\000n\000t\000,\000\040\000R\000e\000q\000u\000e\000s\000t\000\137\000M\000o\000d\000e\000\051}{subsection.2.2}% 11
\BOOKMARK [3][-]{subsubsection.2.2.3}{\376\377\133\371\214\141\213\276\213\241\377\032\000M\000o\000d\000i\000f\000y\000\137\000A\000m\000o\000u\000n\000t\000\050\000c\000a\000r\000\137\000I\000d\000,\000\040\000A\000m\000o\000u\000n\000t\000\051}{subsection.2.2}% 12
\BOOKMARK [3][-]{subsubsection.2.2.4}{\376\377\133\371\214\141\213\276\213\241\377\032\000M\000o\000d\000i\000f\000y\000\137\000M\000o\000d\000e\000\050\000c\000a\000r\000\137\000I\000d\000,\000\040\000M\000o\000d\000e\000\051}{subsection.2.2}% 13
\BOOKMARK [3][-]{subsubsection.2.2.5}{\376\377\133\371\214\141\213\276\213\241\377\032\000Q\000u\000e\000r\000y\000\137\000C\000a\000r\000\137\000S\000t\000a\000t\000e\000\050\000c\000a\000r\000\137\000I\000d\000\051}{subsection.2.2}% 14
\BOOKMARK [3][-]{subsubsection.2.2.6}{\376\377\133\371\214\141\213\276\213\241\377\032\000S\000t\000a\000r\000t\000\137\000C\000h\000a\000r\000g\000i\000n\000g\000\050\000c\000a\000r\000\137\000I\000d\000,\000\040\000C\000h\000a\000r\000g\000e\000P\000i\000l\000e\000N\000u\000m\000\051}{subsection.2.2}% 15
\BOOKMARK [3][-]{subsubsection.2.2.7}{\376\377\133\371\214\141\213\276\213\241\377\032\000Q\000u\000e\000r\000y\000\137\000C\000h\000a\000r\000g\000i\000n\000g\000\137\000S\000t\000a\000t\000e\000\050\000c\000a\000r\000\137\000I\000d\000\051}{subsection.2.2}% 16
\BOOKMARK [3][-]{subsubsection.2.2.8}{\376\377\133\371\214\141\213\276\213\241\377\032\000E\000n\000d\000\137\000C\000h\000a\000r\000g\000i\000n\000g\000\050\000c\000a\000r\000\137\000I\000d\000,\000\040\000C\000h\000a\000r\000g\000e\000P\000i\000l\000e\000N\000u\000m\000\051}{subsection.2.2}% 17
\BOOKMARK [2][-]{subsection.2.3}{\376\377\165\050\117\213\377\032\147\345\167\013\215\046\123\125\000\040\000/\000\040\147\345\167\013\213\346\123\125}{section.2}% 18
\BOOKMARK [3][-]{subsubsection.2.3.1}{\376\377\135\362\167\345\147\141\116\366}{subsection.2.3}% 19
\BOOKMARK [3][-]{subsubsection.2.3.2}{\376\377\133\371\214\141\213\276\213\241\377\032\000R\000e\000q\000u\000e\000s\000t\000\137\000B\000i\000l\000l\000\050\000c\000a\000r\000I\000d\000,\000\040\000d\000a\000t\000e\000\051}{subsection.2.3}% 20
\BOOKMARK [3][-]{subsubsection.2.3.3}{\376\377\133\371\214\141\213\276\213\241\377\032\000R\000e\000q\000u\000e\000s\000t\000\137\000D\000e\000t\000a\000i\000l\000e\000d\000L\000i\000s\000t\000\050\000B\000i\000l\000l\000\137\000I\000d\000\051}{subsection.2.3}% 21
\BOOKMARK [2][-]{subsection.2.4}{\376\377\165\050\117\213\377\032\217\320\210\114\121\105\165\065\150\151}{section.2}% 22
\BOOKMARK [3][-]{subsubsection.2.4.1}{\376\377\135\362\167\345\147\141\116\366}{subsection.2.4}% 23
\BOOKMARK [3][-]{subsubsection.2.4.2}{\376\377\133\371\214\141\213\276\213\241\377\032\000p\000o\000w\000e\000r\000O\000n\000\050\000p\000i\000l\000e\000\137\000I\000d\000\051}{subsection.2.4}% 24
\BOOKMARK [3][-]{subsubsection.2.4.3}{\376\377\133\371\214\141\213\276\213\241\377\032\000s\000e\000t\000P\000a\000r\000a\000m\000e\000t\000e\000r\000s\000\050\213\241\215\071\211\304\122\031\000,\000\040\116\011\116\052\145\366\153\265\166\204\165\065\116\367\145\160\143\156\173\111\000\051}{subsection.2.4}% 25
\BOOKMARK [3][-]{subsubsection.2.4.4}{\376\377\133\371\214\141\213\276\213\241\377\032\000S\000t\000a\000r\000t\000\137\000C\000h\000a\000r\000g\000i\000n\000g\000P\000i\000l\000e\000\050\000p\000i\000l\000e\000\137\000I\000d\000\051}{subsection.2.4}% 26
\BOOKMARK [3][-]{subsubsection.2.4.5}{\376\377\133\371\214\141\213\276\213\241\377\032\000p\000o\000w\000e\000r\000O\000f\000f\000\050\000p\000i\000l\000e\000\137\000I\000d\000\051}{subsection.2.4}% 27
\BOOKMARK [2][-]{subsection.2.5}{\376\377\165\050\117\213\377\032\147\345\167\013\121\105\165\065\150\151\162\266\140\001\000\040\000/\000\040\147\345\167\013\226\037\122\027\162\266\140\001}{section.2}% 28
\BOOKMARK [3][-]{subsubsection.2.5.1}{\376\377\135\362\167\345\147\141\116\366}{subsection.2.5}% 29
\BOOKMARK [3][-]{subsubsection.2.5.2}{\376\377\133\371\214\141\213\276\213\241\377\032\000Q\000u\000e\000r\000y\000\137\000P\000i\000l\000e\000S\000t\000a\000t\000e\000\050\000p\000i\000l\000e\000\137\000I\000d\000\051}{subsection.2.5}% 30
\BOOKMARK [3][-]{subsubsection.2.5.3}{\376\377\133\371\214\141\213\276\213\241\377\032\000Q\000u\000e\000r\000y\000\137\000Q\000u\000e\000u\000e\000S\000t\000a\000t\000e\000\050\000q\000u\000e\000u\000e\000l\000i\000s\000t\000\051}{subsection.2.5}% 31
\BOOKMARK [2][-]{subsection.2.6}{\376\377\165\050\117\213\377\032\214\003\136\246\133\371\214\141\150\070\137\303\116\244\116\222\377\010\176\304\225\177\220\350\122\006\377\011}{section.2}% 32
\BOOKMARK [3][-]{subsubsection.2.6.1}{\376\377\135\362\167\345\147\141\116\366}{subsection.2.6}% 33
\BOOKMARK [3][-]{subsubsection.2.6.2}{\376\377\133\371\214\141\213\276\213\241\377\032\117\030\121\110\176\247\214\003\136\246}{subsection.2.6}% 34
\BOOKMARK [3][-]{subsubsection.2.6.3}{\376\377\133\371\214\141\213\276\213\241\377\032\145\366\225\364\230\172\136\217\214\003\136\246}{subsection.2.6}% 35
\BOOKMARK [3][-]{subsubsection.2.6.4}{\376\377\133\371\214\141\213\276\213\241\377\032\121\105\165\065\116\055\145\105\226\234\140\142\131\015}{subsection.2.6}% 36
\BOOKMARK [2][-]{subsection.2.7}{\376\377\123\357\220\011\122\240\122\006\214\003\136\246\173\126\165\145}{section.2}% 37
\BOOKMARK [3][-]{subsubsection.2.7.1}{\376\377\133\371\214\141\213\276\213\241\377\032\123\125\153\041\214\003\136\246\140\073\121\105\165\065\145\366\225\177\147\000\167\355}{subsection.2.7}% 38
\BOOKMARK [3][-]{subsubsection.2.7.2}{\376\377\133\371\214\141\213\276\213\241\377\032\142\171\221\317\214\003\136\246\140\073\121\105\165\065\145\366\225\177\147\000\167\355}{subsection.2.7}% 39
\BOOKMARK [1][-]{section.3}{\376\377\227\131\140\001\176\323\147\204\213\276\213\241\000\040\000\050\0001\0000\000\045\000\051}{}% 40
\BOOKMARK [2][-]{subsection.3.1}{\376\377\165\050\117\213\377\032\121\105\165\065\165\063\213\367}{section.3}% 41
\BOOKMARK [3][-]{subsubsection.3.1.1}{\376\377\217\157\116\366\122\006\134\102\174\173\126\376}{subsection.3.1}% 42
\BOOKMARK [3][-]{subsubsection.3.1.2}{\376\377\134\136\140\047\116\016\145\271\154\325\213\364\146\016}{subsection.3.1}% 43
\BOOKMARK [2][-]{subsection.3.2}{\376\377\165\050\117\213\377\032\147\345\167\013\215\046\123\125\000\040\000/\000\040\147\345\167\013\213\346\123\125}{section.3}% 44
\BOOKMARK [3][-]{subsubsection.3.2.1}{\376\377\217\157\116\366\122\006\134\102\174\173\126\376}{subsection.3.2}% 45
\BOOKMARK [3][-]{subsubsection.3.2.2}{\376\377\134\136\140\047\116\016\145\271\154\325\213\364\146\016}{subsection.3.2}% 46
\BOOKMARK [2][-]{subsection.3.3}{\376\377\165\050\117\213\377\032\217\320\210\114\121\105\165\065\150\151}{section.3}% 47
\BOOKMARK [3][-]{subsubsection.3.3.1}{\376\377\217\157\116\366\122\006\134\102\174\173\126\376}{subsection.3.3}% 48
\BOOKMARK [3][-]{subsubsection.3.3.2}{\376\377\134\136\140\047\116\016\145\271\154\325\213\364\146\016}{subsection.3.3}% 49
\BOOKMARK [2][-]{subsection.3.4}{\376\377\165\050\117\213\377\032\147\345\167\013\121\105\165\065\150\151\162\266\140\001\000\040\000/\000\040\147\345\167\013\226\037\122\027\162\266\140\001}{section.3}% 50
\BOOKMARK [3][-]{subsubsection.3.4.1}{\376\377\217\157\116\366\122\006\134\102\174\173\126\376}{subsection.3.4}% 51
\BOOKMARK [3][-]{subsubsection.3.4.2}{\376\377\134\136\140\047\116\016\145\271\154\325\213\364\146\016}{subsection.3.4}% 52
\BOOKMARK [2][-]{subsection.3.5}{\376\377\165\050\117\213\377\032\214\003\136\246\133\371\214\141\150\070\137\303\116\244\116\222}{section.3}% 53
\BOOKMARK [3][-]{subsubsection.3.5.1}{\376\377\217\157\116\366\122\006\134\102\174\173\126\376}{subsection.3.5}% 54
\BOOKMARK [3][-]{subsubsection.3.5.2}{\376\377\134\136\140\047\116\016\145\271\154\325\213\364\146\016}{subsection.3.5}% 55
\BOOKMARK [2][-]{subsection.3.6}{\376\377\174\373\176\337\176\247\166\204\227\131\140\001\176\323\147\204\377\010\123\357\220\011\377\011}{section.3}% 56
\BOOKMARK [1][-]{section.4}{\376\377\174\373\176\337\116\213\116\366\116\272\124\130\122\006\221\115}{}% 57
\BOOKMARK [2][-]{subsection.4.1}{\376\377\174\373\176\337\116\213\116\366\122\006\135\345\210\150}{section.4}% 58
\BOOKMARK [2][-]{subsection.4.2}{\376\377\145\207\150\143\116\016\176\337\172\077\122\006\135\345}{section.4}% 59
